[2022-02-27T15:49:23.740988+00:00] slim.log.ERROR: GET http://api.commande.local:19080/command : malformed uri [] []
[2022-02-27T15:56:34.269924+00:00] slim.log.ERROR: GET http://api.commande.local:19080/command : malformed uri [] []
[2022-02-27T15:56:46.669126+00:00] slim.log.ERROR: GET http://api.commande.local:19080/command : malformed uri [] []
[2022-03-01T11:37:01.859750+00:00] slim.log.ERROR: GET http://api.commande.local:19080/commande : malformed uri [] []
[2022-03-01T12:19:30.685808+00:00] slim.log.ERROR: GET http://api.commande.local:19080/update/commande : malformed uri [] []
[2022-03-01T12:20:10.917830+00:00] slim.log.ERROR: GET http://api.commande.local:19080/update/commande : malformed uri [] []
[2022-03-01T15:21:28.513795+00:00] slim.log.ERROR: GET http://api.commande.local:19080/commande/4f8122c3-b818-4f29-9fad-f7fb9dc8e24b/items/ : malformed uri [] []
[2022-03-04T10:34:45.961707+00:00] slim.log.ERROR: GET http://api.commande.local:19080/commande/ : malformed uri [] []
[2022-03-08T14:16:06.390796+00:00] slim.log.ERROR: GET http://api.commande.local:19080/commande : malformed uri [] []
[2022-03-29T07:45:06.880890+00:00] slim.log.ERROR: GET http://api.commande.local:19080/favicon.ico : malformed uri [] []
[2022-03-29T08:26:59.663237+00:00] slim.log.ERROR: GET http://api.commande.local:19080/ : malformed uri [] []
[2022-03-29T08:27:00.219189+00:00] slim.log.ERROR: GET http://api.commande.local:19080/favicon.ico : malformed uri [] []
[2022-03-29T08:27:06.977948+00:00] slim.log.ERROR: GET http://api.commande.local:19080/favicon.ico : malformed uri [] []
[2022-03-29T08:27:16.409360+00:00] slim.log.ERROR: GET http://api.commande.local:19080/favicon.ico : malformed uri [] []
[2022-03-29T09:15:19.481334+00:00] slim.log.ERROR: GET http://api.commande.local:19080/ : malformed uri [] []
[2022-03-29T09:15:20.029958+00:00] slim.log.ERROR: GET http://api.commande.local:19080/favicon.ico : malformed uri [] []
[2022-03-29T09:16:59.828157+00:00] slim.log.ERROR: GET http://api.commande.local:19080/favicon.ico : malformed uri [] []
[2022-03-30T12:24:14.395639+00:00] slim.log.ERROR: GET http://api.backoffice.local:19420/ : malformed uri [] []
[2022-03-30T12:24:14.763846+00:00] slim.log.ERROR: GET http://api.backoffice.local:19420/favicon.ico : malformed uri [] []
[2022-03-30T12:25:15.486903+00:00] slim.log.ERROR: GET http://api.backoffice.local:19420/ : malformed uri [] []
[2022-03-30T12:25:15.802495+00:00] slim.log.ERROR: GET http://api.backoffice.local:19420/favicon.ico : malformed uri [] []
[2022-03-30T12:25:16.287113+00:00] slim.log.ERROR: GET http://api.backoffice.local:19420/ : malformed uri [] []
[2022-03-30T12:25:16.605835+00:00] slim.log.ERROR: GET http://api.backoffice.local:19420/favicon.ico : malformed uri [] []
[2022-03-30T12:28:01.041239+00:00] slim.log.ERROR: GET http://api.backoffice.local:19420/ : malformed uri [] []
[2022-03-30T12:28:01.411991+00:00] slim.log.ERROR: GET http://api.backoffice.local:19420/ : malformed uri [] []
[2022-03-30T12:28:01.419190+00:00] slim.log.ERROR: GET http://api.backoffice.local:19420/favicon.ico : malformed uri [] []
[2022-03-30T12:28:01.591367+00:00] slim.log.ERROR: GET http://api.backoffice.local:19420/ : malformed uri [] []
[2022-03-30T12:28:01.729774+00:00] slim.log.ERROR: GET http://api.backoffice.local:19420/ : malformed uri [] []
[2022-03-30T12:28:01.915226+00:00] slim.log.ERROR: GET http://api.backoffice.local:19420/ : malformed uri [] []
[2022-03-30T12:28:02.273415+00:00] slim.log.ERROR: GET http://api.backoffice.local:19420/ : malformed uri [] []
[2022-03-30T12:28:02.299920+00:00] slim.log.ERROR: GET http://api.backoffice.local:19420/favicon.ico : malformed uri [] []
[2022-03-30T12:28:02.606311+00:00] slim.log.ERROR: GET http://api.backoffice.local:19420/favicon.ico : malformed uri [] []
[2022-03-30T12:28:10.640488+00:00] slim.log.ERROR: GET http://api.backoffice.local:19420/ : malformed uri [] []
[2022-03-30T12:28:10.965452+00:00] slim.log.ERROR: GET http://api.backoffice.local:19420/favicon.ico : malformed uri [] []
[2022-03-30T12:28:11.505044+00:00] slim.log.ERROR: GET http://api.backoffice.local:19420/ : malformed uri [] []
[2022-03-30T12:28:11.809314+00:00] slim.log.ERROR: GET http://api.backoffice.local:19420/favicon.ico : malformed uri [] []
[2022-03-30T12:41:06.245097+00:00] slim.log.ERROR: GET http://api.backoffice.local:19420/ : malformed uri [] []
[2022-03-30T12:41:06.529027+00:00] slim.log.ERROR: GET http://api.backoffice.local:19420/favicon.ico : malformed uri [] []
[2022-03-30T12:41:06.773075+00:00] slim.log.ERROR: GET http://api.backoffice.local:19420/ : malformed uri [] []
[2022-03-30T12:41:07.054388+00:00] slim.log.ERROR: GET http://api.backoffice.local:19420/favicon.ico : malformed uri [] []
[2022-03-30T12:41:17.001187+00:00] slim.log.ERROR: GET http://api.backoffice.local:19420/ : malformed uri [] []
[2022-03-30T12:41:17.313045+00:00] slim.log.ERROR: GET http://api.backoffice.local:19420/favicon.ico : malformed uri [] []
[2022-03-30T12:48:27.045713+00:00] slim.log.ERROR: GET http://api.backoffice.local:19420/ : malformed uri [] []
[2022-03-30T12:48:35.560090+00:00] slim.log.ERROR: GET http://api.backoffice.local:19420/ : malformed uri [] []
[2022-03-30T12:48:49.259699+00:00] slim.log.ERROR: GET http://api.backoffice.local:19420/ : malformed uri [] []
[2022-03-30T13:00:44.988217+00:00] slim.log.ERROR: GET http://api.backoffice.local:19420/ : malformed uri [] []
[2022-03-30T13:01:35.287949+00:00] slim.log.ERROR: GET http://api.backoffice.local:19420/ : malformed uri [] []
[2022-03-30T13:03:04.182466+00:00] slim.log.ERROR: GET http://api.backoffice.local:19420/ : malformed uri [] []
[2022-03-30T13:03:46.272350+00:00] slim.log.ERROR: GET http://api.backoffice.local:19420/ : malformed uri [] []
[2022-03-30T13:04:05.423357+00:00] slim.log.ERROR: GET http://api.backoffice.local:19420/ : malformed uri [] []
[2022-03-30T13:17:09.335183+00:00] slim.log.ERROR: GET http://api.backoffice.local:19420/ : malformed uri [] []
[2022-03-30T13:33:53.385814+00:00] slim.log.ERROR: GET http://api.backoffice.local:19420/ : malformed uri [] []
[2022-03-30T13:34:01.330359+00:00] slim.log.ERROR: GET http://api.backoffice.local:19420/ : malformed uri [] []
[2022-03-30T13:34:34.461475+00:00] slim.log.ERROR: GET http://api.backoffice.local:19420/ : malformed uri [] []
[2022-03-30T15:55:09.429055+00:00] slim.log.ERROR: GET http://api.backoffice.local:19420/ : malformed uri [] []
[2022-03-31T13:15:41.227362+00:00] slim.log.ERROR: GET http://api.backoffice.local:19420/commandes : malformed uri [] []
[2022-03-31T17:51:49.430636+00:00] slim.log.ERROR: GET http://api.backoffice.local:19420/test : malformed uri [] []
[2022-04-02T16:44:35.039234+00:00] slim.log.ERROR: GET http://api.backoffice.local:19480/test : malformed uri [] []
